<?xml version="1.0" encoding="UTF-8"?>
<!-- Generated by org.testng.reporters.JUnitReportReporter -->
<testsuite hostname="LAPTOP-DPKV436U" failures="0" tests="1" name="createContactTest.CreateContactTest" time="0.012" errors="0" timestamp="2022-03-14T12:54:27 IST" skipped="0">
  <testcase classname="createContactTest.CreateContactTest" name="createcontacttest" time="0.012"/>
  <system-out/>
</testsuite> <!-- createContactTest.CreateContactTest -->
