<?xml version="1.0" encoding="UTF-8"?>
<!-- Generated by org.testng.reporters.JUnitReportReporter -->
<testsuite hostname="LAPTOP-DPKV436U" failures="0" tests="1" name="createOrgTest.CreateOrgTest" time="0.011" errors="0" timestamp="2022-03-14T12:54:42 IST" skipped="0">
  <testcase classname="createOrgTest.CreateOrgTest" name="createorgtest" time="0.011"/>
  <system-out/>
</testsuite> <!-- createOrgTest.CreateOrgTest -->
