<?xml version="1.0" encoding="UTF-8"?>
<!-- Generated by org.testng.reporters.JUnitReportReporter -->
<testsuite hostname="LAPTOP-DPKV436U" failures="0" tests="1" name="createContactTest.ReadDataTest" time="0.011" errors="0" timestamp="2022-03-14T16:20:34 IST" skipped="0">
  <testcase classname="createContactTest.ReadDataTest" name="readdatatest" time="0.011"/>
  <system-out/>
</testsuite> <!-- createContactTest.ReadDataTest -->
